<?xml version="1.0" encoding="UTF-8"?>
<!-- Generated by org.testng.reporters.JUnitReportReporter -->
<testsuite hostname="DESKTOP-O8AOFQQ" failures="0" tests="1" name="TestClasses.TestClass" time="2.348" errors="0" timestamp="2025-10-22T21:30:30 IST" skipped="0">
  <testcase classname="TestClasses.TestClass" name="login" time="2.348"/>
</testsuite> <!-- TestClasses.TestClass -->
